<?xml version="1.0" encoding="UTF-8"?>
<testsuite xmlns:xsi="http://www.w3.org/2001/XMLSchema-instance" xsi:noNamespaceSchemaLocation="https://maven.apache.org/surefire/maven-surefire-plugin/xsd/surefire-test-report-3.0.xsd" version="3.0" name="guru.springframework.sfgpetclinic.SfgPetClinicApplicationTests" time="5.467" tests="1" errors="0" skipped="0" failures="0">
  <properties>
[...]
</properties>
  <testcase name="contextLoads" classname="guru.springframework.sfgpetclinic.SfgPetClinicApplicationTests" time="0.014">
    <system-out><![CDATA[21:33:37.289 [main] DEBUG org.springframework.test.context.BootstrapUtils - Instantiating CacheAwareContextLoaderDelegate from class [org.springframework.test.context.cache.DefaultCacheAwareContextLoaderDelegate]
21:33:37.293 [main] DEBUG org.springframework.test.context.BootstrapUtils - Instantiating BootstrapContext using constructor [public org.springframework.test.context.support.DefaultBootstrapContext(java.lang.Class,org.springframework.test.context.CacheAwareContextLoaderDelegate)]
21:33:37.307 [main] DEBUG org.springframework.test.context.BootstrapUtils - Instantiating TestContextBootstrapper for test class [guru.springframework.sfgpetclinic.SfgPetClinicApplicationTests] from class [org.springframework.boot.test.context.SpringBootTestContextBootstrapper]
21:33:37.318 [main] INFO org.springframework.boot.test.context.SpringBootTestContextBootstrapper - Neither @ContextConfiguration nor @ContextHierarchy found for test class [guru.springframework.sfgpetclinic.SfgPetClinicApplicationTests], using SpringBootContextLoader
21:33:37.320 [main] DEBUG org.springframework.test.context.support.AbstractContextLoader - Did not detect default resource location for test class [guru.springframework.sfgpetclinic.SfgPetClinicApplicationTests]: class path resource [guru/springframework/sfgpetclinic/SfgPetClinicApplicationTests-context.xml] does not exist
21:33:37.320 [main] DEBUG org.springframework.test.context.support.AbstractContextLoader - Did not detect default resource location for test class [guru.springframework.sfgpetclinic.SfgPetClinicApplicationTests]: class path resource [guru/springframework/sfgpetclinic/SfgPetClinicApplicationTestsContext.groovy] does not exist
21:33:37.320 [main] INFO org.springframework.test.context.support.AbstractContextLoader - Could not detect default resource locations for test class [guru.springframework.sfgpetclinic.SfgPetClinicApplicationTests]: no resource found for suffixes {-context.xml, Context.groovy}.
21:33:37.321 [main] INFO org.springframework.test.context.support.AnnotationConfigContextLoaderUtils - Could not detect default configuration classes for test class [guru.springframework.sfgpetclinic.SfgPetClinicApplicationTests]: SfgPetClinicApplicationTests does not declare any static, non-private, non-final, nested classes annotated with @Configuration.
21:33:37.369 [main] DEBUG org.springframework.test.context.support.ActiveProfilesUtils - Could not find an 'annotation declaring class' for annotation type [org.springframework.test.context.ActiveProfiles] and class [guru.springframework.sfgpetclinic.SfgPetClinicApplicationTests]
21:33:37.415 [main] DEBUG org.springframework.context.annotation.ClassPathScanningCandidateComponentProvider - Identified candidate component class: file [D:\Programming\sfg-pet-clinic\pet-clinic-web\target\classes\guru\springframework\sfgpetclinic\SfgPetClinicApplication.class]
21:33:37.416 [main] INFO org.springframework.boot.test.context.SpringBootTestContextBootstrapper - Found @SpringBootConfiguration guru.springframework.sfgpetclinic.SfgPetClinicApplication for test class guru.springframework.sfgpetclinic.SfgPetClinicApplicationTests
21:33:37.452 [main] DEBUG org.springframework.boot.test.context.SpringBootTestContextBootstrapper - @TestExecutionListeners is not present for class [guru.springframework.sfgpetclinic.SfgPetClinicApplicationTests]: using defaults.
21:33:37.453 [main] INFO org.springframework.boot.test.context.SpringBootTestContextBootstrapper - Loaded default TestExecutionListener class names from location [META-INF/spring.factories]: [org.springframework.boot.test.mock.mockito.MockitoTestExecutionListener, org.springframework.boot.test.mock.mockito.ResetMocksTestExecutionListener, org.springframework.boot.test.autoconfigure.restdocs.RestDocsTestExecutionListener, org.springframework.boot.test.autoconfigure.web.client.MockRestServiceServerResetTestExecutionListener, org.springframework.boot.test.autoconfigure.web.servlet.MockMvcPrintOnlyOnFailureTestExecutionListener, org.springframework.boot.test.autoconfigure.web.servlet.WebDriverTestExecutionListener, org.springframework.boot.test.autoconfigure.webservices.client.MockWebServiceServerTestExecutionListener, org.springframework.test.context.web.ServletTestExecutionListener, org.springframework.test.context.support.DirtiesContextBeforeModesTestExecutionListener, org.springframework.test.context.support.DependencyInjectionTestExecutionListener, org.springframework.test.context.support.DirtiesContextTestExecutionListener, org.springframework.test.context.transaction.TransactionalTestExecutionListener, org.springframework.test.context.jdbc.SqlScriptsTestExecutionListener, org.springframework.test.context.event.EventPublishingTestExecutionListener]
21:33:37.466 [main] INFO org.springframework.boot.test.context.SpringBootTestContextBootstrapper - Using TestExecutionListeners: [org.springframework.test.context.web.ServletTestExecutionListener@b5b9333, org.springframework.test.context.support.DirtiesContextBeforeModesTestExecutionListener@52b959df, org.springframework.boot.test.mock.mockito.MockitoTestExecutionListener@38588dea, org.springframework.boot.test.autoconfigure.SpringBootDependencyInjectionTestExecutionListener@553d2579, org.springframework.test.context.support.DirtiesContextTestExecutionListener@2a8f6e6, org.springframework.test.context.transaction.TransactionalTestExecutionListener@1ac730cd, org.springframework.test.context.jdbc.SqlScriptsTestExecutionListener@668cc9a2, org.springframework.test.context.event.EventPublishingTestExecutionListener@5aa62ee7, org.springframework.boot.test.mock.mockito.ResetMocksTestExecutionListener@1f7cec93, org.springframework.boot.test.autoconfigure.restdocs.RestDocsTestExecutionListener@3c9ef6e9, org.springframework.boot.test.autoconfigure.web.client.MockRestServiceServerResetTestExecutionListener@3cdff901, org.springframework.boot.test.autoconfigure.web.servlet.MockMvcPrintOnlyOnFailureTestExecutionListener@57e5396b, org.springframework.boot.test.autoconfigure.web.servlet.WebDriverTestExecutionListener@2f054f70, org.springframework.boot.test.autoconfigure.webservices.client.MockWebServiceServerTestExecutionListener@6467ddc7]
21:33:37.469 [main] DEBUG org.springframework.test.context.support.AbstractDirtiesContextTestExecutionListener - Before test class: context [DefaultTestContext@ccd341d testClass = SfgPetClinicApplicationTests, testInstance = [null], testMethod = [null], testException = [null], mergedContextConfiguration = [WebMergedContextConfiguration@4f1fb828 testClass = SfgPetClinicApplicationTests, locations = '{}', classes = '{class guru.springframework.sfgpetclinic.SfgPetClinicApplication}', contextInitializerClasses = '[]', activeProfiles = '{}', propertySourceLocations = '{}', propertySourceProperties = '{org.springframework.boot.test.context.SpringBootTestContextBootstrapper=true}', contextCustomizers = set[org.springframework.boot.test.context.filter.ExcludeFilterContextCustomizer@5ad6cc21, org.springframework.boot.test.json.DuplicateJsonObjectContextCustomizerFactory$DuplicateJsonObjectContextCustomizer@38d80d65, org.springframework.boot.test.mock.mockito.MockitoContextCustomizer@0, org.springframework.boot.test.web.client.TestRestTemplateContextCustomizer@59a2388e, org.springframework.boot.test.autoconfigure.actuate.metrics.MetricsExportContextCustomizerFactory$DisableMetricExportContextCustomizer@174721c4, org.springframework.boot.test.autoconfigure.properties.PropertyMappingContextCustomizer@0, org.springframework.boot.test.autoconfigure.web.servlet.WebDriverContextCustomizerFactory$Customizer@64763e49, org.springframework.boot.test.context.SpringBootTestArgs@1, org.springframework.boot.test.context.SpringBootTestWebEnvironment@7d8704ef], resourceBasePath = 'src/main/webapp', contextLoader = 'org.springframework.boot.test.context.SpringBootContextLoader', parent = [null]], attributes = map['org.springframework.test.context.web.ServletTestExecutionListener.activateListener' -> true]], class annotated with @DirtiesContext [false] with mode [null].
21:33:37.493 [main] DEBUG org.springframework.test.context.support.TestPropertySourceUtils - Adding inlined properties to environment: {spring.jmx.enabled=false, org.springframework.boot.test.context.SpringBootTestContextBootstrapper=true}

  .   ____          _            __ _ _
 /\\ / ___'_ __ _ _(_)_ __  __ _ \ \ \ \
( ( )\___ | '_ | '_| | '_ \/ _` | \ \ \ \
 \\/  ___)| |_)| | | | | || (_| |  ) ) ) )
  '  |____| .__|_| |_|_| |_\__, | / / / /
 =========|_|==============|___/=/_/_/_/
 :: Spring Boot ::                (v2.4.1)

2021-01-05 21:33:37.775  INFO 18548 --- [           main] g.s.s.SfgPetClinicApplicationTests       : Starting SfgPetClinicApplicationTests using Java 11.0.7 on DESKTOP-V5SS4D5 with PID 18548 (started by lfpeja in D:\Programming\sfg-pet-clinic\pet-clinic-web)
2021-01-05 21:33:37.776  INFO 18548 --- [           main] g.s.s.SfgPetClinicApplicationTests       : The following profiles are active: springdatajpa
2021-01-05 21:33:38.596  INFO 18548 --- [           main] .s.d.r.c.RepositoryConfigurationDelegate : Bootstrapping Spring Data JPA repositories in DEFAULT mode.
2021-01-05 21:33:38.662  INFO 18548 --- [           main] .s.d.r.c.RepositoryConfigurationDelegate : Finished Spring Data repository scanning in 59 ms. Found 6 JPA repository interfaces.
2021-01-05 21:33:39.184  INFO 18548 --- [           main] com.zaxxer.hikari.HikariDataSource       : HikariPool-1 - Starting...
2021-01-05 21:33:39.424  INFO 18548 --- [           main] com.zaxxer.hikari.HikariDataSource       : HikariPool-1 - Start completed.
2021-01-05 21:33:39.493  INFO 18548 --- [           main] o.hibernate.jpa.internal.util.LogHelper  : HHH000204: Processing PersistenceUnitInfo [name: default]
2021-01-05 21:33:39.563  INFO 18548 --- [           main] org.hibernate.Version                    : HHH000412: Hibernate ORM core version 5.4.25.Final
2021-01-05 21:33:39.603  INFO 18548 --- [           main] o.hibernate.annotations.common.Version   : HCANN000001: Hibernate Commons Annotations {5.1.2.Final}
2021-01-05 21:33:39.804  INFO 18548 --- [           main] org.hibernate.dialect.Dialect            : HHH000400: Using dialect: org.hibernate.dialect.H2Dialect
2021-01-05 21:33:40.465  INFO 18548 --- [           main] o.h.e.t.j.p.i.JtaPlatformInitiator       : HHH000490: Using JtaPlatform implementation: [org.hibernate.engine.transaction.jta.platform.internal.NoJtaPlatform]
2021-01-05 21:33:40.472  INFO 18548 --- [           main] j.LocalContainerEntityManagerFactoryBean : Initialized JPA EntityManagerFactory for persistence unit 'default'
2021-01-05 21:33:41.122  WARN 18548 --- [           main] JpaBaseConfiguration$JpaWebConfiguration : spring.jpa.open-in-view is enabled by default. Therefore, database queries may be performed during view rendering. Explicitly configure spring.jpa.open-in-view to disable this warning
2021-01-05 21:33:41.437  INFO 18548 --- [           main] o.s.s.concurrent.ThreadPoolTaskExecutor  : Initializing ExecutorService 'applicationTaskExecutor'
2021-01-05 21:33:41.458  INFO 18548 --- [           main] o.s.b.a.h2.H2ConsoleAutoConfiguration    : H2 console available at '/h2-console'. Database available at 'jdbc:h2:mem:testdb'
2021-01-05 21:33:41.499  INFO 18548 --- [           main] o.s.b.a.w.s.WelcomePageHandlerMapping    : Adding welcome page template: index
2021-01-05 21:33:42.407  INFO 18548 --- [           main] o.s.b.a.e.web.EndpointLinksResolver      : Exposing 2 endpoint(s) beneath base path '/actuator'
2021-01-05 21:33:42.456  INFO 18548 --- [           main] g.s.s.SfgPetClinicApplicationTests       : Started SfgPetClinicApplicationTests in 4.958 seconds (JVM running for 7.548)
Loaded Owners....
Loaded Vets....
]]></system-out>
  </testcase>
</testsuite>